<?xml version="1.0" encoding="UTF-8"?>
<testng-results skipped="0" failed="0" ignored="0" total="1" passed="1">
  <reporter-output>
  </reporter-output>
  <suite name="Default suite" duration-ms="60600" started-at="2019-10-31T17:22:46 IST" finished-at="2019-10-31T17:23:47 IST">
    <groups>
    </groups>
    <test name="Default test" duration-ms="60600" started-at="2019-10-31T17:22:46 IST" finished-at="2019-10-31T17:23:47 IST">
      <class name="com.training.sanity.tests.Retail_AddtoCartRTTC_034">
        <test-method status="PASS" signature="setUpBeforeClass()[pri:0, instance:com.training.sanity.tests.Retail_AddtoCartRTTC_034@6321e813]" name="setUpBeforeClass" is-config="true" duration-ms="15" started-at="2019-10-31T17:22:46 IST" finished-at="2019-10-31T17:22:46 IST">
          <reporter-output>
          </reporter-output>
        </test-method> <!-- setUpBeforeClass -->
        <test-method status="PASS" signature="setUp()[pri:0, instance:com.training.sanity.tests.Retail_AddtoCartRTTC_034@6321e813]" name="setUp" is-config="true" duration-ms="15176" started-at="2019-10-31T17:22:46 IST" finished-at="2019-10-31T17:23:01 IST">
          <reporter-output>
          </reporter-output>
        </test-method> <!-- setUp -->
        <test-method status="PASS" signature="validLoginTest()[pri:0, instance:com.training.sanity.tests.Retail_AddtoCartRTTC_034@6321e813]" name="validLoginTest" duration-ms="45361" started-at="2019-10-31T17:23:01 IST" finished-at="2019-10-31T17:23:47 IST">
          <reporter-output>
          </reporter-output>
        </test-method> <!-- validLoginTest -->
      </class> <!-- com.training.sanity.tests.Retail_AddtoCartRTTC_034 -->
    </test> <!-- Default test -->
  </suite> <!-- Default suite -->
</testng-results>
